INFO 2026-02-28 06:44:32,043 autoreload Watching for file changes with StatReloader
INFO 2026-02-28 06:45:10,922 autoreload Watching for file changes with StatReloader
WARNING 2026-02-28 06:45:13,389 log Not Found: /
WARNING 2026-02-28 06:45:13,389 log "GET / HTTP/1.1" 404 2804
WARNING 2026-02-28 06:45:13,455 log Not Found: /favicon.ico
WARNING 2026-02-28 06:45:13,456 log "GET /favicon.ico HTTP/1.1" 404 2855
INFO 2026-02-28 06:45:19,146 log "GET /login HTTP/1.1" 301 0
WARNING 2026-02-28 06:45:19,239 log Method Not Allowed: /login/
WARNING 2026-02-28 06:45:19,240 log "GET /login/ HTTP/1.1" 405 7491
INFO 2026-02-28 06:45:19,332 log "GET /static/rest_framework/css/prettify.css HTTP/1.1" 200 817
INFO 2026-02-28 06:45:19,334 log "GET /static/rest_framework/css/bootstrap.min.css HTTP/1.1" 200 121457
INFO 2026-02-28 06:45:19,335 log "GET /static/rest_framework/css/default.css HTTP/1.1" 200 1152
INFO 2026-02-28 06:45:19,336 log "GET /static/rest_framework/css/bootstrap-tweaks.css HTTP/1.1" 200 3426
INFO 2026-02-28 06:45:19,345 log "GET /static/rest_framework/js/ajax-form.js HTTP/1.1" 200 3796
INFO 2026-02-28 06:45:19,346 log "GET /static/rest_framework/js/csrf.js HTTP/1.1" 200 1793
INFO 2026-02-28 06:45:19,348 log "GET /static/rest_framework/img/grid.png HTTP/1.1" 200 1458
INFO 2026-02-28 06:45:19,349 log "GET /static/rest_framework/js/default.js HTTP/1.1" 200 1268
INFO 2026-02-28 06:45:19,352 log "GET /static/rest_framework/js/load-ajax-form.js HTTP/1.1" 200 59
INFO 2026-02-28 06:45:19,356 log "GET /static/rest_framework/js/prettify-min.js HTTP/1.1" 200 13632
INFO 2026-02-28 06:45:19,358 log "GET /static/rest_framework/js/bootstrap.min.js HTTP/1.1" 200 39680
INFO 2026-02-28 06:45:19,366 log "GET /static/rest_framework/js/jquery-3.7.1.min.js HTTP/1.1" 200 87533
ERROR 2026-02-28 06:45:27,340 log Internal Server Error: /login/
Traceback (most recent call last):
  File "C:\Users\swift\AppData\Local\Programs\Python\Python314\Lib\site-packages\rest_framework\request.py", line 422, in __getattr__
    return getattr(_request, attr)
AttributeError: 'WSGIRequest' object has no attribute 'coach'

During handling of the above exception, another exception occurred:

Traceback (most recent call last):
  File "C:\Users\swift\AppData\Local\Programs\Python\Python314\Lib\site-packages\django\core\handlers\exception.py", line 55, in inner
    response = get_response(request)
  File "C:\Users\swift\AppData\Local\Programs\Python\Python314\Lib\site-packages\django\core\handlers\base.py", line 198, in _get_response
    response = wrapped_callback(request, *callback_args, **callback_kwargs)
  File "C:\Users\swift\AppData\Local\Programs\Python\Python314\Lib\site-packages\django\views\decorators\csrf.py", line 65, in _view_wrapper
    return view_func(request, *args, **kwargs)
  File "C:\Users\swift\AppData\Local\Programs\Python\Python314\Lib\site-packages\django\views\generic\base.py", line 106, in view
    return self.dispatch(request, *args, **kwargs)
           ~~~~~~~~~~~~~^^^^^^^^^^^^^^^^^^^^^^^^^^
  File "C:\Users\swift\AppData\Local\Programs\Python\Python314\Lib\site-packages\rest_framework\views.py", line 515, in dispatch
    response = self.handle_exception(exc)
  File "C:\Users\swift\AppData\Local\Programs\Python\Python314\Lib\site-packages\rest_framework\views.py", line 475, in handle_exception
    self.raise_uncaught_exception(exc)
    ~~~~~~~~~~~~~~~~~~~~~~~~~~~~~^^^^^
  File "C:\Users\swift\AppData\Local\Programs\Python\Python314\Lib\site-packages\rest_framework\views.py", line 486, in raise_uncaught_exception
    raise exc
  File "C:\Users\swift\AppData\Local\Programs\Python\Python314\Lib\site-packages\rest_framework\views.py", line 512, in dispatch
    response = handler(request, *args, **kwargs)
  File "C:\Users\swift\OneDrive\Documents\GIT\TrainHard-Coaching\src\backend\backend\views.py", line 12, in post
    coach=request.coach,
          ^^^^^^^^^^^^^
  File "C:\Users\swift\AppData\Local\Programs\Python\Python314\Lib\site-packages\rest_framework\request.py", line 424, in __getattr__
    raise AttributeError(f"'{self.__class__.__name__}' object has no attribute '{attr}'")
AttributeError: 'Request' object has no attribute 'coach'
ERROR 2026-02-28 06:45:27,342 log "POST /login/ HTTP/1.1" 500 107977
INFO 2026-02-28 06:46:30,397 autoreload C:\Users\swift\OneDrive\Documents\GIT\TrainHard-Coaching\src\backend\AuditLog\services\audit_service.py changed, reloading.
INFO 2026-02-28 06:46:30,758 autoreload Watching for file changes with StatReloader
INFO 2026-02-28 06:46:43,294 autoreload C:\Users\swift\OneDrive\Documents\GIT\TrainHard-Coaching\src\backend\AuditLog\models.py changed, reloading.
INFO 2026-02-28 06:46:43,635 autoreload Watching for file changes with StatReloader
INFO 2026-02-28 06:46:48,941 autoreload C:\Users\swift\OneDrive\Documents\GIT\TrainHard-Coaching\src\backend\AuditLog\models.py changed, reloading.
INFO 2026-02-28 06:46:49,261 autoreload Watching for file changes with StatReloader
INFO 2026-02-28 06:47:06,699 autoreload C:\Users\swift\OneDrive\Documents\GIT\TrainHard-Coaching\src\backend\AuditLog\models.py changed, reloading.
INFO 2026-02-28 06:47:07,018 autoreload Watching for file changes with StatReloader
INFO 2026-02-28 06:47:17,376 autoreload C:\Users\swift\OneDrive\Documents\GIT\TrainHard-Coaching\src\backend\AuditLog\models.py changed, reloading.
INFO 2026-02-28 06:47:17,715 autoreload Watching for file changes with StatReloader
INFO 2026-02-28 06:47:21,000 autoreload C:\Users\swift\OneDrive\Documents\GIT\TrainHard-Coaching\src\backend\AuditLog\models.py changed, reloading.
INFO 2026-02-28 06:47:21,348 autoreload Watching for file changes with StatReloader
INFO 2026-02-28 06:47:22,609 autoreload C:\Users\swift\OneDrive\Documents\GIT\TrainHard-Coaching\src\backend\AuditLog\models.py changed, reloading.
INFO 2026-02-28 06:47:22,957 autoreload Watching for file changes with StatReloader
INFO 2026-02-28 06:47:42,265 autoreload Watching for file changes with StatReloader
ERROR 2026-02-28 06:47:48,866 log Internal Server Error: /login/
Traceback (most recent call last):
  File "C:\Users\swift\AppData\Local\Programs\Python\Python314\Lib\site-packages\rest_framework\request.py", line 422, in __getattr__
    return getattr(_request, attr)
AttributeError: 'WSGIRequest' object has no attribute 'coach'

During handling of the above exception, another exception occurred:

Traceback (most recent call last):
  File "C:\Users\swift\AppData\Local\Programs\Python\Python314\Lib\site-packages\django\core\handlers\exception.py", line 55, in inner
    response = get_response(request)
  File "C:\Users\swift\AppData\Local\Programs\Python\Python314\Lib\site-packages\django\core\handlers\base.py", line 198, in _get_response
    response = wrapped_callback(request, *callback_args, **callback_kwargs)
  File "C:\Users\swift\AppData\Local\Programs\Python\Python314\Lib\site-packages\django\views\decorators\csrf.py", line 65, in _view_wrapper
    return view_func(request, *args, **kwargs)
  File "C:\Users\swift\AppData\Local\Programs\Python\Python314\Lib\site-packages\django\views\generic\base.py", line 106, in view
    return self.dispatch(request, *args, **kwargs)
           ~~~~~~~~~~~~~^^^^^^^^^^^^^^^^^^^^^^^^^^
  File "C:\Users\swift\AppData\Local\Programs\Python\Python314\Lib\site-packages\rest_framework\views.py", line 515, in dispatch
    response = self.handle_exception(exc)
  File "C:\Users\swift\AppData\Local\Programs\Python\Python314\Lib\site-packages\rest_framework\views.py", line 475, in handle_exception
    self.raise_uncaught_exception(exc)
    ~~~~~~~~~~~~~~~~~~~~~~~~~~~~~^^^^^
  File "C:\Users\swift\AppData\Local\Programs\Python\Python314\Lib\site-packages\rest_framework\views.py", line 486, in raise_uncaught_exception
    raise exc
  File "C:\Users\swift\AppData\Local\Programs\Python\Python314\Lib\site-packages\rest_framework\views.py", line 512, in dispatch
    response = handler(request, *args, **kwargs)
  File "C:\Users\swift\OneDrive\Documents\GIT\TrainHard-Coaching\src\backend\backend\views.py", line 12, in post
    coach=request.coach,
          ^^^^^^^^^^^^^
  File "C:\Users\swift\AppData\Local\Programs\Python\Python314\Lib\site-packages\rest_framework\request.py", line 424, in __getattr__
    raise AttributeError(f"'{self.__class__.__name__}' object has no attribute '{attr}'")
AttributeError: 'Request' object has no attribute 'coach'
ERROR 2026-02-28 06:47:48,868 log "POST /login/ HTTP/1.1" 500 107977
INFO 2026-02-28 06:48:03,201 autoreload C:\Users\swift\OneDrive\Documents\GIT\TrainHard-Coaching\src\backend\backend\views.py changed, reloading.
INFO 2026-02-28 06:48:03,541 autoreload Watching for file changes with StatReloader
INFO 2026-02-28 06:48:05,833 autoreload C:\Users\swift\OneDrive\Documents\GIT\TrainHard-Coaching\src\backend\backend\views.py changed, reloading.
INFO 2026-02-28 06:48:06,168 autoreload Watching for file changes with StatReloader
ERROR 2026-02-28 06:48:10,721 log Internal Server Error: /login/
Traceback (most recent call last):
  File "C:\Users\swift\AppData\Local\Programs\Python\Python314\Lib\site-packages\django\core\handlers\exception.py", line 55, in inner
    response = get_response(request)
  File "C:\Users\swift\AppData\Local\Programs\Python\Python314\Lib\site-packages\django\core\handlers\base.py", line 198, in _get_response
    response = wrapped_callback(request, *callback_args, **callback_kwargs)
  File "C:\Users\swift\AppData\Local\Programs\Python\Python314\Lib\site-packages\django\views\decorators\csrf.py", line 65, in _view_wrapper
    return view_func(request, *args, **kwargs)
  File "C:\Users\swift\AppData\Local\Programs\Python\Python314\Lib\site-packages\django\views\generic\base.py", line 106, in view
    return self.dispatch(request, *args, **kwargs)
           ~~~~~~~~~~~~~^^^^^^^^^^^^^^^^^^^^^^^^^^
  File "C:\Users\swift\AppData\Local\Programs\Python\Python314\Lib\site-packages\rest_framework\views.py", line 515, in dispatch
    response = self.handle_exception(exc)
  File "C:\Users\swift\AppData\Local\Programs\Python\Python314\Lib\site-packages\rest_framework\views.py", line 475, in handle_exception
    self.raise_uncaught_exception(exc)
    ~~~~~~~~~~~~~~~~~~~~~~~~~~~~~^^^^^
  File "C:\Users\swift\AppData\Local\Programs\Python\Python314\Lib\site-packages\rest_framework\views.py", line 486, in raise_uncaught_exception
    raise exc
  File "C:\Users\swift\AppData\Local\Programs\Python\Python314\Lib\site-packages\rest_framework\views.py", line 512, in dispatch
    response = handler(request, *args, **kwargs)
  File "C:\Users\swift\OneDrive\Documents\GIT\TrainHard-Coaching\src\backend\backend\views.py", line 10, in post
    log_event(
    ~~~~~~~~~^
        request=request,
        ^^^^^^^^^^^^^^^^
    ...<2 lines>...
        description="JWT Login successful"
        ^^^^^^^^^^^^^^^^^^^^^^^^^^^^^^^^^^
    )
    ^
  File "C:\Users\swift\OneDrive\Documents\GIT\TrainHard-Coaching\src\backend\AuditLog\services\audit_service.py", line 12, in log_event
    AuditLog.objects.create(
    ~~~~~~~~~~~~~~~~~~~~~~~^
        user= user if user else getattr(request, "user", None),
        ^^^^^^^^^^^^^^^^^^^^^^^^^^^^^^^^^^^^^^^^^^^^^^^^^^^^^^^
    ...<5 lines>...
        user_agent=request.META.get("HTTP_USER_AGENT") if request else None,
        ^^^^^^^^^^^^^^^^^^^^^^^^^^^^^^^^^^^^^^^^^^^^^^^^^^^^^^^^^^^^^^^^^^^^
    )
    ^
  File "C:\Users\swift\AppData\Local\Programs\Python\Python314\Lib\site-packages\django\db\models\manager.py", line 87, in manager_method
    return getattr(self.get_queryset(), name)(*args, **kwargs)
           ~~~~~~~~~~~~~~~~~~~~~~~~~~~~~~~~~~^^^^^^^^^^^^^^^^^
  File "C:\Users\swift\AppData\Local\Programs\Python\Python314\Lib\site-packages\django\db\models\query.py", line 667, in create
    obj = self.model(**kwargs)
  File "C:\Users\swift\AppData\Local\Programs\Python\Python314\Lib\site-packages\django\db\models\base.py", line 566, in __init__
    _setattr(self, field.name, rel_obj)
    ~~~~~~~~^^^^^^^^^^^^^^^^^^^^^^^^^^^
  File "C:\Users\swift\AppData\Local\Programs\Python\Python314\Lib\site-packages\django\db\models\fields\related_descriptors.py", line 287, in __set__
    raise ValueError(
    ...<7 lines>...
    )
ValueError: Cannot assign "<django.contrib.auth.models.AnonymousUser object at 0x00000290278F5FD0>": "AuditLog.user" must be a "User" instance.
ERROR 2026-02-28 06:48:10,724 log "POST /login/ HTTP/1.1" 500 124191
INFO 2026-02-28 07:01:26,703 autoreload Watching for file changes with StatReloader
ERROR 2026-02-28 07:01:32,028 log Internal Server Error: /login/
Traceback (most recent call last):
  File "C:\Users\swift\AppData\Local\Programs\Python\Python314\Lib\site-packages\django\core\handlers\exception.py", line 55, in inner
    response = get_response(request)
  File "C:\Users\swift\AppData\Local\Programs\Python\Python314\Lib\site-packages\django\core\handlers\base.py", line 198, in _get_response
    response = wrapped_callback(request, *callback_args, **callback_kwargs)
  File "C:\Users\swift\AppData\Local\Programs\Python\Python314\Lib\site-packages\django\views\decorators\csrf.py", line 65, in _view_wrapper
    return view_func(request, *args, **kwargs)
  File "C:\Users\swift\AppData\Local\Programs\Python\Python314\Lib\site-packages\django\views\generic\base.py", line 106, in view
    return self.dispatch(request, *args, **kwargs)
           ~~~~~~~~~~~~~^^^^^^^^^^^^^^^^^^^^^^^^^^
  File "C:\Users\swift\AppData\Local\Programs\Python\Python314\Lib\site-packages\rest_framework\views.py", line 515, in dispatch
    response = self.handle_exception(exc)
  File "C:\Users\swift\AppData\Local\Programs\Python\Python314\Lib\site-packages\rest_framework\views.py", line 475, in handle_exception
    self.raise_uncaught_exception(exc)
    ~~~~~~~~~~~~~~~~~~~~~~~~~~~~~^^^^^
  File "C:\Users\swift\AppData\Local\Programs\Python\Python314\Lib\site-packages\rest_framework\views.py", line 486, in raise_uncaught_exception
    raise exc
  File "C:\Users\swift\AppData\Local\Programs\Python\Python314\Lib\site-packages\rest_framework\views.py", line 512, in dispatch
    response = handler(request, *args, **kwargs)
  File "C:\Users\swift\OneDrive\Documents\GIT\TrainHard-Coaching\src\backend\backend\views.py", line 29, in post
    return Response(serializer.validated_data, status=status.HTTP_200_OK)
           ^^^^^^^^
NameError: name 'Response' is not defined
ERROR 2026-02-28 07:01:32,030 log "POST /login/ HTTP/1.1" 500 99230
INFO 2026-02-28 07:02:56,272 autoreload C:\Users\swift\OneDrive\Documents\GIT\TrainHard-Coaching\src\backend\backend\views.py changed, reloading.
INFO 2026-02-28 07:02:56,626 autoreload Watching for file changes with StatReloader
INFO 2026-02-28 07:03:05,086 autoreload C:\Users\swift\OneDrive\Documents\GIT\TrainHard-Coaching\src\backend\backend\views.py changed, reloading.
INFO 2026-02-28 07:03:05,430 autoreload Watching for file changes with StatReloader
INFO 2026-02-28 07:03:11,825 autoreload C:\Users\swift\OneDrive\Documents\GIT\TrainHard-Coaching\src\backend\backend\views.py changed, reloading.
INFO 2026-02-28 07:03:12,176 autoreload Watching for file changes with StatReloader
INFO 2026-02-28 07:03:18,303 log "POST /login/ HTTP/1.1" 200 7941
INFO 2026-02-28 07:06:23,398 autoreload C:\Users\swift\OneDrive\Documents\GIT\TrainHard-Coaching\src\backend\AuditLog\models.py changed, reloading.
INFO 2026-02-28 07:06:23,747 autoreload Watching for file changes with StatReloader
INFO 2026-02-28 07:06:26,037 autoreload C:\Users\swift\OneDrive\Documents\GIT\TrainHard-Coaching\src\backend\AuditLog\models.py changed, reloading.
INFO 2026-02-28 07:06:26,390 autoreload Watching for file changes with StatReloader
INFO 2026-02-28 07:06:35,854 autoreload C:\Users\swift\OneDrive\Documents\GIT\TrainHard-Coaching\src\backend\AuditLog\models.py changed, reloading.
INFO 2026-02-28 07:06:36,195 autoreload Watching for file changes with StatReloader
INFO 2026-02-28 07:06:40,496 autoreload C:\Users\swift\OneDrive\Documents\GIT\TrainHard-Coaching\src\backend\AuditLog\models.py changed, reloading.
INFO 2026-02-28 07:06:40,840 autoreload Watching for file changes with StatReloader
INFO 2026-02-28 07:06:42,104 autoreload C:\Users\swift\OneDrive\Documents\GIT\TrainHard-Coaching\src\backend\AuditLog\models.py changed, reloading.
INFO 2026-02-28 07:06:42,454 autoreload Watching for file changes with StatReloader
INFO 2026-02-28 07:06:43,724 autoreload C:\Users\swift\OneDrive\Documents\GIT\TrainHard-Coaching\src\backend\AuditLog\models.py changed, reloading.
INFO 2026-02-28 07:06:44,078 autoreload Watching for file changes with StatReloader
INFO 2026-02-28 07:06:48,419 autoreload C:\Users\swift\OneDrive\Documents\GIT\TrainHard-Coaching\src\backend\AuditLog\models.py changed, reloading.
INFO 2026-02-28 07:06:48,758 autoreload Watching for file changes with StatReloader
INFO 2026-02-28 07:06:53,095 autoreload C:\Users\swift\OneDrive\Documents\GIT\TrainHard-Coaching\src\backend\AuditLog\models.py changed, reloading.
INFO 2026-02-28 07:06:53,428 autoreload Watching for file changes with StatReloader
INFO 2026-02-28 07:06:54,681 autoreload C:\Users\swift\OneDrive\Documents\GIT\TrainHard-Coaching\src\backend\AuditLog\models.py changed, reloading.
INFO 2026-02-28 07:06:55,028 autoreload Watching for file changes with StatReloader
INFO 2026-02-28 07:06:58,337 autoreload C:\Users\swift\OneDrive\Documents\GIT\TrainHard-Coaching\src\backend\AuditLog\models.py changed, reloading.
INFO 2026-02-28 07:06:58,683 autoreload Watching for file changes with StatReloader
INFO 2026-02-28 07:06:59,938 autoreload C:\Users\swift\OneDrive\Documents\GIT\TrainHard-Coaching\src\backend\AuditLog\models.py changed, reloading.
INFO 2026-02-28 07:07:00,280 autoreload Watching for file changes with StatReloader
INFO 2026-02-28 07:07:15,890 autoreload C:\Users\swift\OneDrive\Documents\GIT\TrainHard-Coaching\src\backend\AuditLog\models.py changed, reloading.
INFO 2026-02-28 07:07:16,224 autoreload Watching for file changes with StatReloader
INFO 2026-02-28 07:07:24,565 autoreload C:\Users\swift\OneDrive\Documents\GIT\TrainHard-Coaching\src\backend\AuditLog\models.py changed, reloading.
INFO 2026-02-28 07:07:24,894 autoreload Watching for file changes with StatReloader
INFO 2026-02-28 07:07:34,255 autoreload C:\Users\swift\OneDrive\Documents\GIT\TrainHard-Coaching\src\backend\AuditLog\models.py changed, reloading.
INFO 2026-02-28 07:07:34,590 autoreload Watching for file changes with StatReloader
INFO 2026-02-28 07:07:35,847 autoreload C:\Users\swift\OneDrive\Documents\GIT\TrainHard-Coaching\src\backend\AuditLog\models.py changed, reloading.
INFO 2026-02-28 07:07:36,201 autoreload Watching for file changes with StatReloader
INFO 2026-02-28 07:07:38,490 autoreload C:\Users\swift\OneDrive\Documents\GIT\TrainHard-Coaching\src\backend\AuditLog\models.py changed, reloading.
INFO 2026-02-28 07:07:38,817 autoreload Watching for file changes with StatReloader
INFO 2026-02-28 07:07:46,135 autoreload C:\Users\swift\OneDrive\Documents\GIT\TrainHard-Coaching\src\backend\AuditLog\models.py changed, reloading.
INFO 2026-02-28 07:07:46,460 autoreload Watching for file changes with StatReloader
INFO 2026-02-28 07:07:49,756 autoreload C:\Users\swift\OneDrive\Documents\GIT\TrainHard-Coaching\src\backend\AuditLog\models.py changed, reloading.
INFO 2026-02-28 07:07:50,094 autoreload Watching for file changes with StatReloader
INFO 2026-02-28 07:07:58,438 autoreload C:\Users\swift\OneDrive\Documents\GIT\TrainHard-Coaching\src\backend\AuditLog\models.py changed, reloading.
INFO 2026-02-28 07:07:58,791 autoreload Watching for file changes with StatReloader
INFO 2026-02-28 07:08:00,072 autoreload C:\Users\swift\OneDrive\Documents\GIT\TrainHard-Coaching\src\backend\AuditLog\models.py changed, reloading.
INFO 2026-02-28 07:08:00,449 autoreload Watching for file changes with StatReloader
INFO 2026-02-28 07:08:14,013 autoreload C:\Users\swift\OneDrive\Documents\GIT\TrainHard-Coaching\src\backend\AuditLog\models.py changed, reloading.
INFO 2026-02-28 07:08:14,357 autoreload Watching for file changes with StatReloader
INFO 2026-02-28 07:08:16,631 autoreload C:\Users\swift\OneDrive\Documents\GIT\TrainHard-Coaching\src\backend\AuditLog\models.py changed, reloading.
INFO 2026-02-28 07:08:16,986 autoreload Watching for file changes with StatReloader
INFO 2026-02-28 07:08:35,745 log "POST /login/ HTTP/1.1" 200 7941
INFO 2026-02-28 07:33:54,615 autoreload Watching for file changes with StatReloader
ERROR 2026-02-28 07:34:22,966 log Internal Server Error: /login/
Traceback (most recent call last):
  File "C:\Users\swift\AppData\Local\Programs\Python\Python314\Lib\site-packages\django\core\handlers\exception.py", line 55, in inner
    response = get_response(request)
  File "C:\Users\swift\AppData\Local\Programs\Python\Python314\Lib\site-packages\django\core\handlers\base.py", line 198, in _get_response
    response = wrapped_callback(request, *callback_args, **callback_kwargs)
  File "C:\Users\swift\AppData\Local\Programs\Python\Python314\Lib\site-packages\django\views\decorators\csrf.py", line 65, in _view_wrapper
    return view_func(request, *args, **kwargs)
  File "C:\Users\swift\AppData\Local\Programs\Python\Python314\Lib\site-packages\django\views\generic\base.py", line 106, in view
    return self.dispatch(request, *args, **kwargs)
           ~~~~~~~~~~~~~^^^^^^^^^^^^^^^^^^^^^^^^^^
  File "C:\Users\swift\AppData\Local\Programs\Python\Python314\Lib\site-packages\rest_framework\views.py", line 515, in dispatch
    response = self.handle_exception(exc)
  File "C:\Users\swift\AppData\Local\Programs\Python\Python314\Lib\site-packages\rest_framework\views.py", line 475, in handle_exception
    self.raise_uncaught_exception(exc)
    ~~~~~~~~~~~~~~~~~~~~~~~~~~~~~^^^^^
  File "C:\Users\swift\AppData\Local\Programs\Python\Python314\Lib\site-packages\rest_framework\views.py", line 486, in raise_uncaught_exception
    raise exc
  File "C:\Users\swift\AppData\Local\Programs\Python\Python314\Lib\site-packages\rest_framework\views.py", line 512, in dispatch
    response = handler(request, *args, **kwargs)
  File "C:\Users\swift\AppData\Local\Programs\Python\Python314\Lib\site-packages\rest_framework_simplejwt\views.py", line 46, in post
    serializer.is_valid(raise_exception=True)
    ~~~~~~~~~~~~~~~~~~~^^^^^^^^^^^^^^^^^^^^^^
  File "C:\Users\swift\AppData\Local\Programs\Python\Python314\Lib\site-packages\rest_framework\serializers.py", line 225, in is_valid
    self._validated_data = self.run_validation(self.initial_data)
                           ~~~~~~~~~~~~~~~~~~~^^^^^^^^^^^^^^^^^^^
  File "C:\Users\swift\AppData\Local\Programs\Python\Python314\Lib\site-packages\rest_framework\serializers.py", line 447, in run_validation
    value = self.validate(value)
  File "C:\Users\swift\OneDrive\Documents\GIT\TrainHard-Coaching\src\backend\backend\serializers.py", line 11, in validate
    data = super.validate(attrs)
           ^^^^^^^^^^^^^^
AttributeError: type object 'super' has no attribute 'validate'
ERROR 2026-02-28 07:34:22,968 log "POST /login/ HTTP/1.1" 500 113682
WARNING 2026-02-28 07:34:25,041 log Method Not Allowed: /login/
WARNING 2026-02-28 07:34:25,041 log "GET /login/ HTTP/1.1" 405 7491
WARNING 2026-02-28 07:34:30,131 log Method Not Allowed: /login/
WARNING 2026-02-28 07:34:30,131 log "GET /login/ HTTP/1.1" 405 7491
ERROR 2026-02-28 07:34:37,623 log Internal Server Error: /login/
Traceback (most recent call last):
  File "C:\Users\swift\AppData\Local\Programs\Python\Python314\Lib\site-packages\django\core\handlers\exception.py", line 55, in inner
    response = get_response(request)
  File "C:\Users\swift\AppData\Local\Programs\Python\Python314\Lib\site-packages\django\core\handlers\base.py", line 198, in _get_response
    response = wrapped_callback(request, *callback_args, **callback_kwargs)
  File "C:\Users\swift\AppData\Local\Programs\Python\Python314\Lib\site-packages\django\views\decorators\csrf.py", line 65, in _view_wrapper
    return view_func(request, *args, **kwargs)
  File "C:\Users\swift\AppData\Local\Programs\Python\Python314\Lib\site-packages\django\views\generic\base.py", line 106, in view
    return self.dispatch(request, *args, **kwargs)
           ~~~~~~~~~~~~~^^^^^^^^^^^^^^^^^^^^^^^^^^
  File "C:\Users\swift\AppData\Local\Programs\Python\Python314\Lib\site-packages\rest_framework\views.py", line 515, in dispatch
    response = self.handle_exception(exc)
  File "C:\Users\swift\AppData\Local\Programs\Python\Python314\Lib\site-packages\rest_framework\views.py", line 475, in handle_exception
    self.raise_uncaught_exception(exc)
    ~~~~~~~~~~~~~~~~~~~~~~~~~~~~~^^^^^
  File "C:\Users\swift\AppData\Local\Programs\Python\Python314\Lib\site-packages\rest_framework\views.py", line 486, in raise_uncaught_exception
    raise exc
  File "C:\Users\swift\AppData\Local\Programs\Python\Python314\Lib\site-packages\rest_framework\views.py", line 512, in dispatch
    response = handler(request, *args, **kwargs)
  File "C:\Users\swift\AppData\Local\Programs\Python\Python314\Lib\site-packages\rest_framework_simplejwt\views.py", line 46, in post
    serializer.is_valid(raise_exception=True)
    ~~~~~~~~~~~~~~~~~~~^^^^^^^^^^^^^^^^^^^^^^
  File "C:\Users\swift\AppData\Local\Programs\Python\Python314\Lib\site-packages\rest_framework\serializers.py", line 225, in is_valid
    self._validated_data = self.run_validation(self.initial_data)
                           ~~~~~~~~~~~~~~~~~~~^^^^^^^^^^^^^^^^^^^
  File "C:\Users\swift\AppData\Local\Programs\Python\Python314\Lib\site-packages\rest_framework\serializers.py", line 447, in run_validation
    value = self.validate(value)
  File "C:\Users\swift\OneDrive\Documents\GIT\TrainHard-Coaching\src\backend\backend\serializers.py", line 11, in validate
    data = super.validate(attrs)
           ^^^^^^^^^^^^^^
AttributeError: type object 'super' has no attribute 'validate'
ERROR 2026-02-28 07:34:37,624 log "POST /login/ HTTP/1.1" 500 113682
INFO 2026-02-28 07:36:18,607 autoreload C:\Users\swift\OneDrive\Documents\GIT\TrainHard-Coaching\src\backend\backend\serializers.py changed, reloading.
INFO 2026-02-28 07:36:18,948 autoreload Watching for file changes with StatReloader
INFO 2026-02-28 07:36:24,718 log "POST /login/ HTTP/1.1" 200 7941
INFO 2026-02-28 07:47:26,521 autoreload Watching for file changes with StatReloader
INFO 2026-02-28 07:47:37,910 autoreload C:\Users\swift\OneDrive\Documents\GIT\TrainHard-Coaching\src\backend\AuditLog\models.py changed, reloading.
INFO 2026-02-28 07:47:38,255 autoreload Watching for file changes with StatReloader
INFO 2026-02-28 07:47:40,551 autoreload C:\Users\swift\OneDrive\Documents\GIT\TrainHard-Coaching\src\backend\AuditLog\models.py changed, reloading.
INFO 2026-02-28 07:47:40,899 autoreload Watching for file changes with StatReloader
INFO 2026-02-28 07:47:50,368 autoreload C:\Users\swift\OneDrive\Documents\GIT\TrainHard-Coaching\src\backend\AuditLog\models.py changed, reloading.
INFO 2026-02-28 07:47:50,719 autoreload Watching for file changes with StatReloader
INFO 2026-02-28 07:47:51,970 autoreload C:\Users\swift\OneDrive\Documents\GIT\TrainHard-Coaching\src\backend\AuditLog\models.py changed, reloading.
INFO 2026-02-28 07:47:52,324 autoreload Watching for file changes with StatReloader
INFO 2026-02-28 07:47:53,583 autoreload C:\Users\swift\OneDrive\Documents\GIT\TrainHard-Coaching\src\backend\AuditLog\models.py changed, reloading.
INFO 2026-02-28 07:47:53,926 autoreload Watching for file changes with StatReloader
INFO 2026-02-28 07:47:55,194 autoreload C:\Users\swift\OneDrive\Documents\GIT\TrainHard-Coaching\src\backend\AuditLog\models.py changed, reloading.
INFO 2026-02-28 07:47:55,540 autoreload Watching for file changes with StatReloader
INFO 2026-02-28 07:48:01,938 autoreload C:\Users\swift\OneDrive\Documents\GIT\TrainHard-Coaching\src\backend\AuditLog\models.py changed, reloading.
INFO 2026-02-28 07:48:02,284 autoreload Watching for file changes with StatReloader
INFO 2026-02-28 07:48:17,531 autoreload Watching for file changes with StatReloader
INFO 2026-02-28 07:48:22,679 log "POST /login/ HTTP/1.1" 200 7941
INFO 2026-02-28 07:48:27,965 log "POST /login/ HTTP/1.1" 200 7941
WARNING 2026-02-28 07:48:33,004 log Not Found: /refresh/
WARNING 2026-02-28 07:48:33,004 log "GET /refresh/ HTTP/1.1" 404 2846
INFO 2026-02-28 07:48:44,344 log "GET /auth/refresh HTTP/1.1" 301 0
WARNING 2026-02-28 07:48:44,347 log Method Not Allowed: /auth/refresh/
WARNING 2026-02-28 07:48:44,347 log "GET /auth/refresh/ HTTP/1.1" 405 7216
INFO 2026-02-28 07:48:59,209 log "POST /login/ HTTP/1.1" 200 7941
WARNING 2026-02-28 07:49:13,130 log Unauthorized: /auth/refresh/
WARNING 2026-02-28 07:49:13,130 log "POST /auth/refresh/ HTTP/1.1" 401 7317
INFO 2026-02-28 07:49:24,147 log "POST /auth/refresh/ HTTP/1.1" 200 7395
INFO 2026-02-28 08:06:11,675 autoreload Watching for file changes with StatReloader
INFO 2026-02-28 08:06:20,945 autoreload Watching for file changes with StatReloader
WARNING 2026-02-28 08:06:23,890 log Not Found: /
WARNING 2026-02-28 08:06:23,891 log "GET / HTTP/1.1" 404 2804
WARNING 2026-02-28 08:06:33,347 log Method Not Allowed: /login/
WARNING 2026-02-28 08:06:33,347 log "GET /login/ HTTP/1.1" 405 7491
INFO 2026-02-28 08:06:39,170 log "POST /login/ HTTP/1.1" 200 7941
WARNING 2026-02-28 08:06:54,633 log Unauthorized: /coach/create/
WARNING 2026-02-28 08:06:54,633 log "GET /coach/create/ HTTP/1.1" 401 3865
INFO 2026-02-28 08:07:13,965 log "POST /login/ HTTP/1.1" 200 489
INFO 2026-02-28 08:08:17,357 autoreload C:\Users\swift\OneDrive\Documents\GIT\TrainHard-Coaching\src\backend\coach\views.py changed, reloading.
INFO 2026-02-28 08:08:17,718 autoreload Watching for file changes with StatReloader
WARNING 2026-02-28 08:08:19,393 log Method Not Allowed: /coach/create/
WARNING 2026-02-28 08:08:19,394 log "GET /coach/create/ HTTP/1.1" 405 9276
INFO 2026-02-28 08:08:31,365 autoreload C:\Users\swift\OneDrive\Documents\GIT\TrainHard-Coaching\src\backend\coach\views.py changed, reloading.
INFO 2026-02-28 08:08:31,711 autoreload Watching for file changes with StatReloader
INFO 2026-02-28 08:09:25,254 log "POST /coach/create/ HTTP/1.1" 201 176
INFO 2026-02-28 08:11:21,738 log "GET /coach/ HTTP/1.1" 200 587
INFO 2026-02-28 08:11:37,430 log "GET /coach/details/5acb5f48-6624-406c-898a-1c386bf7eacc HTTP/1.1" 301 0
INFO 2026-02-28 08:11:37,434 log "GET /coach/details/5acb5f48-6624-406c-898a-1c386bf7eacc/ HTTP/1.1" 200 204
INFO 2026-02-28 08:12:26,195 log "GET /coach/edit/5acb5f48-6624-406c-898a-1c386bf7eacc/ HTTP/1.1" 200 133
INFO 2026-02-28 08:12:44,865 log "PUT /coach/edit/5acb5f48-6624-406c-898a-1c386bf7eacc/ HTTP/1.1" 200 133
INFO 2026-02-28 08:13:23,152 log "DELETE /coach/edit/8a543726-ca54-4c84-b5c8-a9aa42690221/ HTTP/1.1" 204 0
