ERROR 2026-02-28 06:45:27,340 log Internal Server Error: /login/
Traceback (most recent call last):
  File "C:\Users\swift\AppData\Local\Programs\Python\Python314\Lib\site-packages\rest_framework\request.py", line 422, in __getattr__
    return getattr(_request, attr)
AttributeError: 'WSGIRequest' object has no attribute 'coach'

During handling of the above exception, another exception occurred:

Traceback (most recent call last):
  File "C:\Users\swift\AppData\Local\Programs\Python\Python314\Lib\site-packages\django\core\handlers\exception.py", line 55, in inner
    response = get_response(request)
  File "C:\Users\swift\AppData\Local\Programs\Python\Python314\Lib\site-packages\django\core\handlers\base.py", line 198, in _get_response
    response = wrapped_callback(request, *callback_args, **callback_kwargs)
  File "C:\Users\swift\AppData\Local\Programs\Python\Python314\Lib\site-packages\django\views\decorators\csrf.py", line 65, in _view_wrapper
    return view_func(request, *args, **kwargs)
  File "C:\Users\swift\AppData\Local\Programs\Python\Python314\Lib\site-packages\django\views\generic\base.py", line 106, in view
    return self.dispatch(request, *args, **kwargs)
           ~~~~~~~~~~~~~^^^^^^^^^^^^^^^^^^^^^^^^^^
  File "C:\Users\swift\AppData\Local\Programs\Python\Python314\Lib\site-packages\rest_framework\views.py", line 515, in dispatch
    response = self.handle_exception(exc)
  File "C:\Users\swift\AppData\Local\Programs\Python\Python314\Lib\site-packages\rest_framework\views.py", line 475, in handle_exception
    self.raise_uncaught_exception(exc)
    ~~~~~~~~~~~~~~~~~~~~~~~~~~~~~^^^^^
  File "C:\Users\swift\AppData\Local\Programs\Python\Python314\Lib\site-packages\rest_framework\views.py", line 486, in raise_uncaught_exception
    raise exc
  File "C:\Users\swift\AppData\Local\Programs\Python\Python314\Lib\site-packages\rest_framework\views.py", line 512, in dispatch
    response = handler(request, *args, **kwargs)
  File "C:\Users\swift\OneDrive\Documents\GIT\TrainHard-Coaching\src\backend\backend\views.py", line 12, in post
    coach=request.coach,
          ^^^^^^^^^^^^^
  File "C:\Users\swift\AppData\Local\Programs\Python\Python314\Lib\site-packages\rest_framework\request.py", line 424, in __getattr__
    raise AttributeError(f"'{self.__class__.__name__}' object has no attribute '{attr}'")
AttributeError: 'Request' object has no attribute 'coach'
ERROR 2026-02-28 06:45:27,342 log "POST /login/ HTTP/1.1" 500 107977
ERROR 2026-02-28 06:47:48,866 log Internal Server Error: /login/
Traceback (most recent call last):
  File "C:\Users\swift\AppData\Local\Programs\Python\Python314\Lib\site-packages\rest_framework\request.py", line 422, in __getattr__
    return getattr(_request, attr)
AttributeError: 'WSGIRequest' object has no attribute 'coach'

During handling of the above exception, another exception occurred:

Traceback (most recent call last):
  File "C:\Users\swift\AppData\Local\Programs\Python\Python314\Lib\site-packages\django\core\handlers\exception.py", line 55, in inner
    response = get_response(request)
  File "C:\Users\swift\AppData\Local\Programs\Python\Python314\Lib\site-packages\django\core\handlers\base.py", line 198, in _get_response
    response = wrapped_callback(request, *callback_args, **callback_kwargs)
  File "C:\Users\swift\AppData\Local\Programs\Python\Python314\Lib\site-packages\django\views\decorators\csrf.py", line 65, in _view_wrapper
    return view_func(request, *args, **kwargs)
  File "C:\Users\swift\AppData\Local\Programs\Python\Python314\Lib\site-packages\django\views\generic\base.py", line 106, in view
    return self.dispatch(request, *args, **kwargs)
           ~~~~~~~~~~~~~^^^^^^^^^^^^^^^^^^^^^^^^^^
  File "C:\Users\swift\AppData\Local\Programs\Python\Python314\Lib\site-packages\rest_framework\views.py", line 515, in dispatch
    response = self.handle_exception(exc)
  File "C:\Users\swift\AppData\Local\Programs\Python\Python314\Lib\site-packages\rest_framework\views.py", line 475, in handle_exception
    self.raise_uncaught_exception(exc)
    ~~~~~~~~~~~~~~~~~~~~~~~~~~~~~^^^^^
  File "C:\Users\swift\AppData\Local\Programs\Python\Python314\Lib\site-packages\rest_framework\views.py", line 486, in raise_uncaught_exception
    raise exc
  File "C:\Users\swift\AppData\Local\Programs\Python\Python314\Lib\site-packages\rest_framework\views.py", line 512, in dispatch
    response = handler(request, *args, **kwargs)
  File "C:\Users\swift\OneDrive\Documents\GIT\TrainHard-Coaching\src\backend\backend\views.py", line 12, in post
    coach=request.coach,
          ^^^^^^^^^^^^^
  File "C:\Users\swift\AppData\Local\Programs\Python\Python314\Lib\site-packages\rest_framework\request.py", line 424, in __getattr__
    raise AttributeError(f"'{self.__class__.__name__}' object has no attribute '{attr}'")
AttributeError: 'Request' object has no attribute 'coach'
ERROR 2026-02-28 06:47:48,868 log "POST /login/ HTTP/1.1" 500 107977
ERROR 2026-02-28 06:48:10,721 log Internal Server Error: /login/
Traceback (most recent call last):
  File "C:\Users\swift\AppData\Local\Programs\Python\Python314\Lib\site-packages\django\core\handlers\exception.py", line 55, in inner
    response = get_response(request)
  File "C:\Users\swift\AppData\Local\Programs\Python\Python314\Lib\site-packages\django\core\handlers\base.py", line 198, in _get_response
    response = wrapped_callback(request, *callback_args, **callback_kwargs)
  File "C:\Users\swift\AppData\Local\Programs\Python\Python314\Lib\site-packages\django\views\decorators\csrf.py", line 65, in _view_wrapper
    return view_func(request, *args, **kwargs)
  File "C:\Users\swift\AppData\Local\Programs\Python\Python314\Lib\site-packages\django\views\generic\base.py", line 106, in view
    return self.dispatch(request, *args, **kwargs)
           ~~~~~~~~~~~~~^^^^^^^^^^^^^^^^^^^^^^^^^^
  File "C:\Users\swift\AppData\Local\Programs\Python\Python314\Lib\site-packages\rest_framework\views.py", line 515, in dispatch
    response = self.handle_exception(exc)
  File "C:\Users\swift\AppData\Local\Programs\Python\Python314\Lib\site-packages\rest_framework\views.py", line 475, in handle_exception
    self.raise_uncaught_exception(exc)
    ~~~~~~~~~~~~~~~~~~~~~~~~~~~~~^^^^^
  File "C:\Users\swift\AppData\Local\Programs\Python\Python314\Lib\site-packages\rest_framework\views.py", line 486, in raise_uncaught_exception
    raise exc
  File "C:\Users\swift\AppData\Local\Programs\Python\Python314\Lib\site-packages\rest_framework\views.py", line 512, in dispatch
    response = handler(request, *args, **kwargs)
  File "C:\Users\swift\OneDrive\Documents\GIT\TrainHard-Coaching\src\backend\backend\views.py", line 10, in post
    log_event(
    ~~~~~~~~~^
        request=request,
        ^^^^^^^^^^^^^^^^
    ...<2 lines>...
        description="JWT Login successful"
        ^^^^^^^^^^^^^^^^^^^^^^^^^^^^^^^^^^
    )
    ^
  File "C:\Users\swift\OneDrive\Documents\GIT\TrainHard-Coaching\src\backend\AuditLog\services\audit_service.py", line 12, in log_event
    AuditLog.objects.create(
    ~~~~~~~~~~~~~~~~~~~~~~~^
        user= user if user else getattr(request, "user", None),
        ^^^^^^^^^^^^^^^^^^^^^^^^^^^^^^^^^^^^^^^^^^^^^^^^^^^^^^^
    ...<5 lines>...
        user_agent=request.META.get("HTTP_USER_AGENT") if request else None,
        ^^^^^^^^^^^^^^^^^^^^^^^^^^^^^^^^^^^^^^^^^^^^^^^^^^^^^^^^^^^^^^^^^^^^
    )
    ^
  File "C:\Users\swift\AppData\Local\Programs\Python\Python314\Lib\site-packages\django\db\models\manager.py", line 87, in manager_method
    return getattr(self.get_queryset(), name)(*args, **kwargs)
           ~~~~~~~~~~~~~~~~~~~~~~~~~~~~~~~~~~^^^^^^^^^^^^^^^^^
  File "C:\Users\swift\AppData\Local\Programs\Python\Python314\Lib\site-packages\django\db\models\query.py", line 667, in create
    obj = self.model(**kwargs)
  File "C:\Users\swift\AppData\Local\Programs\Python\Python314\Lib\site-packages\django\db\models\base.py", line 566, in __init__
    _setattr(self, field.name, rel_obj)
    ~~~~~~~~^^^^^^^^^^^^^^^^^^^^^^^^^^^
  File "C:\Users\swift\AppData\Local\Programs\Python\Python314\Lib\site-packages\django\db\models\fields\related_descriptors.py", line 287, in __set__
    raise ValueError(
    ...<7 lines>...
    )
ValueError: Cannot assign "<django.contrib.auth.models.AnonymousUser object at 0x00000290278F5FD0>": "AuditLog.user" must be a "User" instance.
ERROR 2026-02-28 06:48:10,724 log "POST /login/ HTTP/1.1" 500 124191
ERROR 2026-02-28 07:01:32,028 log Internal Server Error: /login/
Traceback (most recent call last):
  File "C:\Users\swift\AppData\Local\Programs\Python\Python314\Lib\site-packages\django\core\handlers\exception.py", line 55, in inner
    response = get_response(request)
  File "C:\Users\swift\AppData\Local\Programs\Python\Python314\Lib\site-packages\django\core\handlers\base.py", line 198, in _get_response
    response = wrapped_callback(request, *callback_args, **callback_kwargs)
  File "C:\Users\swift\AppData\Local\Programs\Python\Python314\Lib\site-packages\django\views\decorators\csrf.py", line 65, in _view_wrapper
    return view_func(request, *args, **kwargs)
  File "C:\Users\swift\AppData\Local\Programs\Python\Python314\Lib\site-packages\django\views\generic\base.py", line 106, in view
    return self.dispatch(request, *args, **kwargs)
           ~~~~~~~~~~~~~^^^^^^^^^^^^^^^^^^^^^^^^^^
  File "C:\Users\swift\AppData\Local\Programs\Python\Python314\Lib\site-packages\rest_framework\views.py", line 515, in dispatch
    response = self.handle_exception(exc)
  File "C:\Users\swift\AppData\Local\Programs\Python\Python314\Lib\site-packages\rest_framework\views.py", line 475, in handle_exception
    self.raise_uncaught_exception(exc)
    ~~~~~~~~~~~~~~~~~~~~~~~~~~~~~^^^^^
  File "C:\Users\swift\AppData\Local\Programs\Python\Python314\Lib\site-packages\rest_framework\views.py", line 486, in raise_uncaught_exception
    raise exc
  File "C:\Users\swift\AppData\Local\Programs\Python\Python314\Lib\site-packages\rest_framework\views.py", line 512, in dispatch
    response = handler(request, *args, **kwargs)
  File "C:\Users\swift\OneDrive\Documents\GIT\TrainHard-Coaching\src\backend\backend\views.py", line 29, in post
    return Response(serializer.validated_data, status=status.HTTP_200_OK)
           ^^^^^^^^
NameError: name 'Response' is not defined
ERROR 2026-02-28 07:01:32,030 log "POST /login/ HTTP/1.1" 500 99230
ERROR 2026-02-28 07:34:22,966 log Internal Server Error: /login/
Traceback (most recent call last):
  File "C:\Users\swift\AppData\Local\Programs\Python\Python314\Lib\site-packages\django\core\handlers\exception.py", line 55, in inner
    response = get_response(request)
  File "C:\Users\swift\AppData\Local\Programs\Python\Python314\Lib\site-packages\django\core\handlers\base.py", line 198, in _get_response
    response = wrapped_callback(request, *callback_args, **callback_kwargs)
  File "C:\Users\swift\AppData\Local\Programs\Python\Python314\Lib\site-packages\django\views\decorators\csrf.py", line 65, in _view_wrapper
    return view_func(request, *args, **kwargs)
  File "C:\Users\swift\AppData\Local\Programs\Python\Python314\Lib\site-packages\django\views\generic\base.py", line 106, in view
    return self.dispatch(request, *args, **kwargs)
           ~~~~~~~~~~~~~^^^^^^^^^^^^^^^^^^^^^^^^^^
  File "C:\Users\swift\AppData\Local\Programs\Python\Python314\Lib\site-packages\rest_framework\views.py", line 515, in dispatch
    response = self.handle_exception(exc)
  File "C:\Users\swift\AppData\Local\Programs\Python\Python314\Lib\site-packages\rest_framework\views.py", line 475, in handle_exception
    self.raise_uncaught_exception(exc)
    ~~~~~~~~~~~~~~~~~~~~~~~~~~~~~^^^^^
  File "C:\Users\swift\AppData\Local\Programs\Python\Python314\Lib\site-packages\rest_framework\views.py", line 486, in raise_uncaught_exception
    raise exc
  File "C:\Users\swift\AppData\Local\Programs\Python\Python314\Lib\site-packages\rest_framework\views.py", line 512, in dispatch
    response = handler(request, *args, **kwargs)
  File "C:\Users\swift\AppData\Local\Programs\Python\Python314\Lib\site-packages\rest_framework_simplejwt\views.py", line 46, in post
    serializer.is_valid(raise_exception=True)
    ~~~~~~~~~~~~~~~~~~~^^^^^^^^^^^^^^^^^^^^^^
  File "C:\Users\swift\AppData\Local\Programs\Python\Python314\Lib\site-packages\rest_framework\serializers.py", line 225, in is_valid
    self._validated_data = self.run_validation(self.initial_data)
                           ~~~~~~~~~~~~~~~~~~~^^^^^^^^^^^^^^^^^^^
  File "C:\Users\swift\AppData\Local\Programs\Python\Python314\Lib\site-packages\rest_framework\serializers.py", line 447, in run_validation
    value = self.validate(value)
  File "C:\Users\swift\OneDrive\Documents\GIT\TrainHard-Coaching\src\backend\backend\serializers.py", line 11, in validate
    data = super.validate(attrs)
           ^^^^^^^^^^^^^^
AttributeError: type object 'super' has no attribute 'validate'
ERROR 2026-02-28 07:34:22,968 log "POST /login/ HTTP/1.1" 500 113682
ERROR 2026-02-28 07:34:37,623 log Internal Server Error: /login/
Traceback (most recent call last):
  File "C:\Users\swift\AppData\Local\Programs\Python\Python314\Lib\site-packages\django\core\handlers\exception.py", line 55, in inner
    response = get_response(request)
  File "C:\Users\swift\AppData\Local\Programs\Python\Python314\Lib\site-packages\django\core\handlers\base.py", line 198, in _get_response
    response = wrapped_callback(request, *callback_args, **callback_kwargs)
  File "C:\Users\swift\AppData\Local\Programs\Python\Python314\Lib\site-packages\django\views\decorators\csrf.py", line 65, in _view_wrapper
    return view_func(request, *args, **kwargs)
  File "C:\Users\swift\AppData\Local\Programs\Python\Python314\Lib\site-packages\django\views\generic\base.py", line 106, in view
    return self.dispatch(request, *args, **kwargs)
           ~~~~~~~~~~~~~^^^^^^^^^^^^^^^^^^^^^^^^^^
  File "C:\Users\swift\AppData\Local\Programs\Python\Python314\Lib\site-packages\rest_framework\views.py", line 515, in dispatch
    response = self.handle_exception(exc)
  File "C:\Users\swift\AppData\Local\Programs\Python\Python314\Lib\site-packages\rest_framework\views.py", line 475, in handle_exception
    self.raise_uncaught_exception(exc)
    ~~~~~~~~~~~~~~~~~~~~~~~~~~~~~^^^^^
  File "C:\Users\swift\AppData\Local\Programs\Python\Python314\Lib\site-packages\rest_framework\views.py", line 486, in raise_uncaught_exception
    raise exc
  File "C:\Users\swift\AppData\Local\Programs\Python\Python314\Lib\site-packages\rest_framework\views.py", line 512, in dispatch
    response = handler(request, *args, **kwargs)
  File "C:\Users\swift\AppData\Local\Programs\Python\Python314\Lib\site-packages\rest_framework_simplejwt\views.py", line 46, in post
    serializer.is_valid(raise_exception=True)
    ~~~~~~~~~~~~~~~~~~~^^^^^^^^^^^^^^^^^^^^^^
  File "C:\Users\swift\AppData\Local\Programs\Python\Python314\Lib\site-packages\rest_framework\serializers.py", line 225, in is_valid
    self._validated_data = self.run_validation(self.initial_data)
                           ~~~~~~~~~~~~~~~~~~~^^^^^^^^^^^^^^^^^^^
  File "C:\Users\swift\AppData\Local\Programs\Python\Python314\Lib\site-packages\rest_framework\serializers.py", line 447, in run_validation
    value = self.validate(value)
  File "C:\Users\swift\OneDrive\Documents\GIT\TrainHard-Coaching\src\backend\backend\serializers.py", line 11, in validate
    data = super.validate(attrs)
           ^^^^^^^^^^^^^^
AttributeError: type object 'super' has no attribute 'validate'
ERROR 2026-02-28 07:34:37,624 log "POST /login/ HTTP/1.1" 500 113682
